Determining if the pthread_create exist failed with the following output:
Change Dir: /home/shw/catkin_ws_sakichen/src/apa_planner/build/CMakeFiles/CMakeTmp

Run Build Command:"/usr/bin/make" "cmTC_0efcd/fast"
/usr/bin/make -f CMakeFiles/cmTC_0efcd.dir/build.make CMakeFiles/cmTC_0efcd.dir/build
make[1]: 进入目录“/home/shw/catkin_ws_sakichen/src/apa_planner/build/CMakeFiles/CMakeTmp”
Building C object CMakeFiles/cmTC_0efcd.dir/CheckSymbolExists.c.o
/usr/bin/cc    -o CMakeFiles/cmTC_0efcd.dir/CheckSymbolExists.c.o   -c /home/shw/catkin_ws_sakichen/src/apa_planner/build/CMakeFiles/CMakeTmp/CheckSymbolExists.c
Linking C executable cmTC_0efcd
/usr/bin/cmake -E cmake_link_script CMakeFiles/cmTC_0efcd.dir/link.txt --verbose=1
/usr/bin/cc      -rdynamic CMakeFiles/cmTC_0efcd.dir/CheckSymbolExists.c.o  -o cmTC_0efcd 
CMakeFiles/cmTC_0efcd.dir/CheckSymbolExists.c.o：在函数‘main’中：
CheckSymbolExists.c:(.text+0x1b)：对‘pthread_create’未定义的引用
collect2: error: ld returned 1 exit status
CMakeFiles/cmTC_0efcd.dir/build.make:97: recipe for target 'cmTC_0efcd' failed
make[1]: *** [cmTC_0efcd] Error 1
make[1]: 离开目录“/home/shw/catkin_ws_sakichen/src/apa_planner/build/CMakeFiles/CMakeTmp”
Makefile:126: recipe for target 'cmTC_0efcd/fast' failed
make: *** [cmTC_0efcd/fast] Error 2

File /home/shw/catkin_ws_sakichen/src/apa_planner/build/CMakeFiles/CMakeTmp/CheckSymbolExists.c:
/* */
#include <pthread.h>

int main(int argc, char** argv)
{
  (void)argv;
#ifndef pthread_create
  return ((int*)(&pthread_create))[argc];
#else
  (void)argc;
  return 0;
#endif
}

Determining if the function pthread_create exists in the pthreads failed with the following output:
Change Dir: /home/shw/catkin_ws_sakichen/src/apa_planner/build/CMakeFiles/CMakeTmp

Run Build Command:"/usr/bin/make" "cmTC_7279c/fast"
/usr/bin/make -f CMakeFiles/cmTC_7279c.dir/build.make CMakeFiles/cmTC_7279c.dir/build
make[1]: 进入目录“/home/shw/catkin_ws_sakichen/src/apa_planner/build/CMakeFiles/CMakeTmp”
Building C object CMakeFiles/cmTC_7279c.dir/CheckFunctionExists.c.o
/usr/bin/cc   -DCHECK_FUNCTION_EXISTS=pthread_create   -o CMakeFiles/cmTC_7279c.dir/CheckFunctionExists.c.o   -c /usr/share/cmake-3.10/Modules/CheckFunctionExists.c
Linking C executable cmTC_7279c
/usr/bin/cmake -E cmake_link_script CMakeFiles/cmTC_7279c.dir/link.txt --verbose=1
/usr/bin/cc  -DCHECK_FUNCTION_EXISTS=pthread_create    -rdynamic CMakeFiles/cmTC_7279c.dir/CheckFunctionExists.c.o  -o cmTC_7279c -lpthreads 
/usr/bin/ld: 找不到 -lpthreads
collect2: error: ld returned 1 exit status
CMakeFiles/cmTC_7279c.dir/build.make:97: recipe for target 'cmTC_7279c' failed
make[1]: *** [cmTC_7279c] Error 1
make[1]: 离开目录“/home/shw/catkin_ws_sakichen/src/apa_planner/build/CMakeFiles/CMakeTmp”
Makefile:126: recipe for target 'cmTC_7279c/fast' failed
make: *** [cmTC_7279c/fast] Error 2


Performing C SOURCE FILE Test CMAKE_HAVE_LIBC_PTHREAD failed with the following output:
Change Dir: /home/shw/catkin_ws_sakichen/src/apa_planner/build/CMakeFiles/CMakeTmp

Run Build Command(s):/usr/bin/ninja cmTC_bb6ed && [1/2] Building C object CMakeFiles/cmTC_bb6ed.dir/src.c.o
[2/2] Linking C executable cmTC_bb6ed
FAILED: cmTC_bb6ed 
: && /usr/bin/cc  -rdynamic CMakeFiles/cmTC_bb6ed.dir/src.c.o -o cmTC_bb6ed   && :
CMakeFiles/cmTC_bb6ed.dir/src.c.o：在函数‘main’中：
src.c:(.text+0x3e)：对‘pthread_create’未定义的引用
src.c:(.text+0x4a)：对‘pthread_detach’未定义的引用
src.c:(.text+0x56)：对‘pthread_cancel’未定义的引用
src.c:(.text+0x67)：对‘pthread_join’未定义的引用
src.c:(.text+0x7b)：对‘pthread_atfork’未定义的引用
collect2: error: ld returned 1 exit status
ninja: build stopped: subcommand failed.


Source file was:
#include <pthread.h>

static void* test_func(void* data)
{
  return data;
}

int main(void)
{
  pthread_t thread;
  pthread_create(&thread, NULL, test_func, NULL);
  pthread_detach(thread);
  pthread_cancel(thread);
  pthread_join(thread, NULL);
  pthread_atfork(NULL, NULL, NULL);
  pthread_exit(NULL);

  return 0;
}

Determining if the function pthread_create exists in the pthreads failed with the following output:
Change Dir: /home/shw/catkin_ws_sakichen/src/apa_planner/build/CMakeFiles/CMakeTmp

Run Build Command(s):/usr/bin/ninja cmTC_f1fe5 && [1/2] Building C object CMakeFiles/cmTC_f1fe5.dir/CheckFunctionExists.c.o
[2/2] Linking C executable cmTC_f1fe5
FAILED: cmTC_f1fe5 
: && /usr/bin/cc -DCHECK_FUNCTION_EXISTS=pthread_create -rdynamic CMakeFiles/cmTC_f1fe5.dir/CheckFunctionExists.c.o -o cmTC_f1fe5  -lpthreads && :
/usr/bin/ld: 找不到 -lpthreads
collect2: error: ld returned 1 exit status
ninja: build stopped: subcommand failed.



